#
# There is insufficient memory for the Java Runtime Environment to continue.
# Native memory allocation (malloc) failed to allocate 2249136 bytes for Chunk::new
# Possible reasons:
#   The system is out of physical RAM or swap space
#   The process is running with CompressedOops enabled, and the Java Heap may be blocking the growth of the native heap
# Possible solutions:
#   Reduce memory load on the system
#   Increase physical memory or swap space
#   Check if swap backing store is full
#   Decrease Java heap size (-Xmx/-Xms)
#   Decrease number of Java threads
#   Decrease Java thread stack sizes (-Xss)
#   Set larger code cache with -XX:ReservedCodeCacheSize=
#   JVM is running with Unscaled Compressed Oops mode in which the Java heap is
#     placed in the first 4GB address space. The Java Heap base address is the
#     maximum limit for the native heap growth. Please use -XX:HeapBaseMinAddress
#     to set the Java Heap base and to place the Java Heap above 4GB virtual address.
# This output file may be truncated or incomplete.
#
#  Out of Memory Error (allocation.cpp:389), pid=22280, tid=0x0000000000002ec0
#
# JRE version: OpenJDK Runtime Environment (8.0_242-b01) (build 1.8.0_242-release-1644-b01)
# Java VM: OpenJDK 64-Bit Server VM (25.242-b01 mixed mode windows-amd64 compressed oops)
# Failed to write core dump. Minidumps are not enabled by default on client versions of Windows
#

---------------  T H R E A D  ---------------

Current thread (0x0000000019115000):  JavaThread "C2 CompilerThread0" daemon [_thread_in_native, id=11968, stack(0x000000001a760000,0x000000001a860000)]

Stack: [0x000000001a760000,0x000000001a860000]
[error occurred during error reporting (printing stack bounds), id 0xc0000005]

Native frames: (J=compiled Java code, j=interpreted, Vv=VM code, C=native code)


Current CompileTask:
C2:  33372 15269       4       com.android.tools.r8.ir.optimize.l::m (763 bytes)


---------------  P R O C E S S  ---------------

Java Threads: ( => current thread )
  0x000000001c1d5800 JavaThread "WorkerExecutor Queue Thread 12" [_thread_blocked, id=17060, stack(0x000000002dbb0000,0x000000002dcb0000)]
  0x000000001c1ce800 JavaThread "WorkerExecutor Queue Thread 11" [_thread_blocked, id=276, stack(0x000000002dab0000,0x000000002dbb0000)]
  0x000000001f5a3000 JavaThread "ForkJoinPool.commonPool-worker-3" daemon [_thread_blocked, id=35892, stack(0x000000002d9b0000,0x000000002dab0000)]
  0x000000001f3da000 JavaThread "ForkJoinPool.commonPool-worker-10" daemon [_thread_blocked, id=30776, stack(0x000000002d8b0000,0x000000002d9b0000)]
  0x000000001cfb5800 JavaThread "ForkJoinPool.commonPool-worker-1" daemon [_thread_blocked, id=21952, stack(0x000000002d7b0000,0x000000002d8b0000)]
  0x000000001cfb2800 JavaThread "ForkJoinPool.commonPool-worker-15" daemon [_thread_blocked, id=31500, stack(0x000000002d5b0000,0x000000002d6b0000)]
  0x000000001cfb2000 JavaThread "ForkJoinPool.commonPool-worker-6" daemon [_thread_blocked, id=7748, stack(0x000000002d4b0000,0x000000002d5b0000)]
  0x000000001cfb5000 JavaThread "ForkJoinPool.commonPool-worker-13" daemon [_thread_blocked, id=25624, stack(0x000000002d3b0000,0x000000002d4b0000)]
  0x000000001cfb8800 JavaThread "ForkJoinPool.commonPool-worker-4" daemon [_thread_blocked, id=35604, stack(0x000000002d1b0000,0x000000002d2b0000)]
  0x000000001cfb1000 JavaThread "ForkJoinPool.commonPool-worker-11" daemon [_thread_blocked, id=16172, stack(0x000000002d0b0000,0x000000002d1b0000)]
  0x000000001cfb6800 JavaThread "ForkJoinPool.commonPool-worker-2" daemon [_thread_blocked, id=18652, stack(0x000000002cfb0000,0x000000002d0b0000)]
  0x000000001cfb4000 JavaThread "ForkJoinPool.commonPool-worker-9" daemon [_thread_blocked, id=38920, stack(0x000000002ceb0000,0x000000002cfb0000)]
  0x000000001cfb3800 JavaThread "Cache worker for Java compile cache (E:\Google Drive NSU\New\CSE486\Lab\.gradle\6.1.1\javaCompile)" [_thread_blocked, id=24744, stack(0x000000002c9b0000,0x000000002cab0000)]
  0x000000001cfb8000 JavaThread "Cache worker for Java compile cache (C:\Users\Adib\.gradle\caches\6.1.1\javaCompile)" [_thread_blocked, id=38896, stack(0x000000002c8b0000,0x000000002c9b0000)]
  0x000000001cfb0800 JavaThread "WorkerExecutor Queue Thread 10" [_thread_blocked, id=9532, stack(0x000000002c5b0000,0x000000002c6b0000)]
  0x000000001cfad800 JavaThread "stdout" [_thread_in_native, id=11360, stack(0x000000002c2b0000,0x000000002c3b0000)]
  0x000000001cfaf800 JavaThread "stderr" [_thread_in_native, id=39412, stack(0x000000002c1b0000,0x000000002c2b0000)]
  0x000000001cfac800 JavaThread "stdout" [_thread_in_native, id=10220, stack(0x000000002c0b0000,0x000000002c1b0000)]
  0x000000001cfac000 JavaThread "stderr" [_thread_in_native, id=3752, stack(0x000000002bfb0000,0x000000002c0b0000)]
  0x000000001cfaa800 JavaThread "stdout" [_thread_in_native, id=36992, stack(0x000000002beb0000,0x000000002bfb0000)]
  0x000000001cfaf000 JavaThread "stderr" [_thread_in_native, id=21096, stack(0x000000002bdb0000,0x000000002beb0000)]
  0x000000001cfab000 JavaThread "stdout" [_thread_in_native, id=26232, stack(0x000000002bcb0000,0x000000002bdb0000)]
  0x000000001cfae000 JavaThread "stderr" [_thread_in_native, id=17604, stack(0x000000002bbb0000,0x000000002bcb0000)]
  0x000000001f5ae800 JavaThread "stdout" [_thread_in_native, id=3640, stack(0x000000002bab0000,0x000000002bbb0000)]
  0x000000001f5b1800 JavaThread "stderr" [_thread_in_native, id=28624, stack(0x000000002b9b0000,0x000000002bab0000)]
  0x000000001f5ad800 JavaThread "stdout" [_thread_in_native, id=29012, stack(0x000000002b8b0000,0x000000002b9b0000)]
  0x000000001f5b0800 JavaThread "stderr" [_thread_in_native, id=19876, stack(0x000000002b7b0000,0x000000002b8b0000)]
  0x000000001f5b2000 JavaThread "WorkerExecutor Queue Thread 9" [_thread_blocked, id=33328, stack(0x000000002b6b0000,0x000000002b7b0000)]
  0x000000001f5b0000 JavaThread "MarlinRenderer Disposer" daemon [_thread_blocked, id=34364, stack(0x000000002b300000,0x000000002b400000)]
  0x000000001f5af000 JavaThread "Java2D Disposer" daemon [_thread_blocked, id=13372, stack(0x000000002afb0000,0x000000002b0b0000)]
  0x000000001f5ac000 JavaThread "WorkerExecutor Queue Thread 8" [_thread_blocked, id=29416, stack(0x000000002aeb0000,0x000000002afb0000)]
  0x000000001f5a5800 JavaThread "WorkerExecutor Queue Thread 7" [_thread_blocked, id=30724, stack(0x000000002adb0000,0x000000002aeb0000)]
  0x000000001f5ab800 JavaThread "WorkerExecutor Queue Thread 6" [_thread_blocked, id=5480, stack(0x000000002acb0000,0x000000002adb0000)]
  0x000000001f5a4000 JavaThread "WorkerExecutor Queue Thread 5" [_thread_blocked, id=24396, stack(0x000000002abb0000,0x000000002acb0000)]
  0x000000001f5aa000 JavaThread "WorkerExecutor Queue Thread 4" [_thread_blocked, id=33832, stack(0x000000002aab0000,0x000000002abb0000)]
  0x000000001f5a4800 JavaThread "WorkerExecutor Queue Thread 3" [_thread_blocked, id=36924, stack(0x000000002a9b0000,0x000000002aab0000)]
  0x000000001f5a6000 JavaThread "WorkerExecutor Queue Thread 2" [_thread_blocked, id=788, stack(0x000000002a8b0000,0x000000002a9b0000)]
  0x000000001f5a9000 JavaThread "stdout" [_thread_in_native, id=10888, stack(0x00000000297e0000,0x00000000298e0000)]
  0x000000001f5a8800 JavaThread "stderr" [_thread_in_native, id=28532, stack(0x00000000296e0000,0x00000000297e0000)]
  0x000000001f5aa800 JavaThread "stdout" [_thread_in_native, id=9244, stack(0x00000000295e0000,0x00000000296e0000)]
  0x000000001f5a7800 JavaThread "stderr" [_thread_in_native, id=28592, stack(0x00000000292e0000,0x00000000293e0000)]
  0x000000001f5a7000 JavaThread "stdout" [_thread_in_native, id=36204, stack(0x00000000291e0000,0x00000000292e0000)]
  0x000000001f3dc000 JavaThread "stderr" [_thread_in_native, id=20820, stack(0x0000000028f50000,0x0000000029050000)]
  0x000000001f3d6000 JavaThread "pool-2-thread-1" [_thread_blocked, id=26568, stack(0x0000000028c50000,0x0000000028d50000)]
  0x000000001f3dd000 JavaThread "WorkerExecutor Queue" [_thread_blocked, id=21248, stack(0x0000000028950000,0x0000000028a50000)]
  0x000000001f3d9000 JavaThread "Cache worker for execution history cache (E:\Google Drive NSU\New\CSE486\Lab\.gradle\6.1.1\executionHistory)" [_thread_blocked, id=1520, stack(0x0000000028850000,0x0000000028950000)]
  0x000000001f3da800 JavaThread "Execution worker for ':' Thread 11" [_thread_in_Java, id=664, stack(0x0000000028350000,0x0000000028450000)]
  0x000000001f3d7000 JavaThread "Execution worker for ':' Thread 10" [_thread_blocked, id=33616, stack(0x0000000028250000,0x0000000028350000)]
  0x000000001d4db000 JavaThread "Execution worker for ':' Thread 9" [_thread_blocked, id=9416, stack(0x0000000028150000,0x0000000028250000)]
  0x000000001d4da000 JavaThread "Execution worker for ':' Thread 8" [_thread_in_Java, id=29856, stack(0x0000000028050000,0x0000000028150000)]
  0x000000001d4db800 JavaThread "Execution worker for ':' Thread 7" [_thread_blocked, id=26880, stack(0x0000000027f50000,0x0000000028050000)]
  0x000000001d4de800 JavaThread "Execution worker for ':' Thread 6" [_thread_blocked, id=38868, stack(0x0000000027e50000,0x0000000027f50000)]
  0x000000001d4dc800 JavaThread "Execution worker for ':' Thread 5" [_thread_in_Java, id=35416, stack(0x0000000027d50000,0x0000000027e50000)]
  0x000000001d4df800 JavaThread "Execution worker for ':' Thread 4" [_thread_blocked, id=31604, stack(0x0000000027c50000,0x0000000027d50000)]
  0x000000001d4d9800 JavaThread "Execution worker for ':' Thread 3" [_thread_in_Java, id=26336, stack(0x0000000027910000,0x0000000027a10000)]
  0x000000001d4de000 JavaThread "Execution worker for ':' Thread 2" [_thread_blocked, id=38688, stack(0x0000000027810000,0x0000000027910000)]
  0x000000001d4d8800 JavaThread "Execution worker for ':'" [_thread_blocked, id=32640, stack(0x0000000027710000,0x0000000027810000)]
  0x000000001d41f800 JavaThread "Cache worker for file content cache (E:\Google Drive NSU\New\CSE486\Lab\.gradle\6.1.1\fileContent)" [_thread_blocked, id=39780, stack(0x0000000027210000,0x0000000027310000)]
  0x000000001d41a000 JavaThread "Cache worker for file content cache (C:\Users\Adib\.gradle\caches\6.1.1\fileContent)" [_thread_blocked, id=19304, stack(0x0000000027110000,0x0000000027210000)]
  0x000000001d41f000 JavaThread "Memory manager" [_thread_blocked, id=19840, stack(0x00000000257b0000,0x00000000258b0000)]
  0x000000001d420800 JavaThread "Cache worker for Build Output Cleanup Cache (E:\Google Drive NSU\New\CSE486\Lab\.gradle\buildOutputCleanup)" [_thread_blocked, id=13408, stack(0x00000000256b0000,0x00000000257b0000)]
  0x000000001d419800 JavaThread "Build operations Thread 12" [_thread_blocked, id=2796, stack(0x0000000024fb0000,0x00000000250b0000)]
  0x000000001d415000 JavaThread "Build operations Thread 11" [_thread_blocked, id=39308, stack(0x0000000024eb0000,0x0000000024fb0000)]
  0x000000001d41c000 JavaThread "Build operations Thread 10" [_thread_blocked, id=22840, stack(0x0000000024db0000,0x0000000024eb0000)]
  0x000000001d418800 JavaThread "Build operations Thread 9" [_thread_blocked, id=20648, stack(0x0000000024cb0000,0x0000000024db0000)]
  0x000000001d41b000 JavaThread "Build operations Thread 8" [_thread_blocked, id=25024, stack(0x0000000024bb0000,0x0000000024cb0000)]
  0x000000001d411000 JavaThread "Build operations Thread 7" [_thread_blocked, id=26060, stack(0x0000000024ab0000,0x0000000024bb0000)]
  0x000000001d415800 JavaThread "Build operations Thread 6" [_thread_blocked, id=28720, stack(0x00000000249b0000,0x0000000024ab0000)]
  0x000000001d414000 JavaThread "Build operations Thread 5" [_thread_blocked, id=22200, stack(0x00000000248b0000,0x00000000249b0000)]
  0x000000001d416800 JavaThread "Build operations Thread 4" [_thread_blocked, id=24988, stack(0x00000000247b0000,0x00000000248b0000)]
  0x000000001d412800 JavaThread "Build operations Thread 3" [_thread_blocked, id=33980, stack(0x00000000246b0000,0x00000000247b0000)]
  0x000000001d418000 JavaThread "Build operations Thread 2" [_thread_blocked, id=6440, stack(0x00000000245b0000,0x00000000246b0000)]
  0x000000001d413800 JavaThread "Build operations" [_thread_blocked, id=39500, stack(0x0000000022810000,0x0000000022910000)]
  0x000000001cb77800 JavaThread "Cache worker for execution history cache (C:\Users\Adib\.gradle\caches\6.1.1\executionHistory)" [_thread_blocked, id=19968, stack(0x0000000021320000,0x0000000021420000)]
  0x000000001cb75800 JavaThread "Cache worker for cache directory md-rule (C:\Users\Adib\.gradle\caches\6.1.1\md-rule)" [_thread_blocked, id=19936, stack(0x0000000021220000,0x0000000021320000)]
  0x000000001cb74800 JavaThread "Cache worker for cache directory md-supplier (C:\Users\Adib\.gradle\caches\6.1.1\md-supplier)" [_thread_blocked, id=13960, stack(0x0000000021120000,0x0000000021220000)]
  0x000000001cb73000 JavaThread "Cache worker for file hash cache (E:\Google Drive NSU\New\CSE486\Lab\.gradle\6.1.1\fileHashes)" [_thread_blocked, id=26272, stack(0x0000000022710000,0x0000000022810000)]
  0x000000001cb76000 JavaThread "Cache worker for checksums cache (E:\Google Drive NSU\New\CSE486\Lab\.gradle\checksums)" [_thread_blocked, id=15940, stack(0x0000000021640000,0x0000000021740000)]
  0x000000001cb77000 JavaThread "Cache worker for file hash cache (C:\Users\Adib\.gradle\caches\6.1.1\fileHashes)" [_thread_blocked, id=32624, stack(0x000000001ec80000,0x000000001ed80000)]
  0x000000001cb74000 JavaThread "File lock request listener" [_thread_in_native, id=17972, stack(0x000000001eb80000,0x000000001ec80000)]
  0x000000001caff800 JavaThread "Cache worker for journal cache (C:\Users\Adib\.gradle\caches\journal-1)" [_thread_blocked, id=26872, stack(0x000000001ea80000,0x000000001eb80000)]
  0x000000001ca85000 JavaThread "Thread-9" [_thread_blocked, id=35280, stack(0x000000001e780000,0x000000001e880000)]
  0x000000001ca77800 JavaThread "Stdin handler" [_thread_blocked, id=9972, stack(0x000000001e680000,0x000000001e780000)]
  0x000000001ca75800 JavaThread "Asynchronous log dispatcher for DefaultDaemonConnection: socket connection from /127.0.0.1:51397 to /127.0.0.1:51398" [_thread_blocked, id=15580, stack(0x000000001e580000,0x000000001e680000)]
  0x000000001ca80000 JavaThread "Daemon worker" [_thread_blocked, id=32660, stack(0x000000001e480000,0x000000001e580000)]
  0x000000001cabd000 JavaThread "Cancel handler" [_thread_blocked, id=24180, stack(0x000000001e280000,0x000000001e380000)]
  0x000000001ca5b000 JavaThread "Handler for socket connection from /127.0.0.1:51397 to /127.0.0.1:51398" [_thread_in_native, id=28716, stack(0x000000001df80000,0x000000001e080000)]
  0x000000001ca54800 JavaThread "Daemon" [_thread_blocked, id=39304, stack(0x000000001de80000,0x000000001df80000)]
  0x000000001ca33800 JavaThread "Daemon periodic checks" [_thread_blocked, id=15856, stack(0x000000001dd80000,0x000000001de80000)]
  0x000000001c99d800 JavaThread "Incoming local TCP Connector on port 51397" [_thread_in_native, id=7872, stack(0x000000001db40000,0x000000001dc40000)]
  0x000000001c941800 JavaThread "Daemon health stats" [_thread_blocked, id=29596, stack(0x000000001d500000,0x000000001d600000)]
  0x0000000019166000 JavaThread "Service Thread" daemon [_thread_blocked, id=18292, stack(0x000000001ab60000,0x000000001ac60000)]
  0x000000001912f000 JavaThread "C1 CompilerThread3" daemon [_thread_in_native, id=36152, stack(0x000000001aa60000,0x000000001ab60000)]
  0x000000001912d000 JavaThread "C2 CompilerThread2" daemon [_thread_in_native, id=35264, stack(0x000000001a960000,0x000000001aa60000)]
  0x0000000019128800 JavaThread "C2 CompilerThread1" daemon [_thread_in_native, id=31392, stack(0x000000001a860000,0x000000001a960000)]
=>0x0000000019115000 JavaThread "C2 CompilerThread0" daemon [_thread_in_native, id=11968, stack(0x000000001a760000,0x000000001a860000)]
  0x0000000019112800 JavaThread "Attach Listener" daemon [_thread_blocked, id=28060, stack(0x000000001a660000,0x000000001a760000)]
  0x0000000017a3e800 JavaThread "Signal Dispatcher" daemon [_thread_blocked, id=38044, stack(0x000000001a560000,0x000000001a660000)]
  0x0000000017a2e800 JavaThread "Finalizer" daemon [_thread_blocked, id=22648, stack(0x000000001a360000,0x000000001a460000)]
  0x0000000019103000 JavaThread "Reference Handler" daemon [_thread_blocked, id=39252, stack(0x000000001a260000,0x000000001a360000)]
  0x00000000026be000 JavaThread "main" [_thread_blocked, id=25484, stack(0x0000000002580000,0x0000000002680000)]

Other Threads:
  0x0000000017a25800 VMThread [stack: 0x000000001a160000,0x000000001a260000] [id=18288]
  0x0000000019167800 WatcherThread [stack: 0x000000001ac60000,0x000000001ad60000] [id=34284]

VM state:not at safepoint (normal execution)

VM Mutex/Monitor currently owned by a thread: None

heap address: 0x0000000080000000, size: 2048 MB, Compressed Oops mode: 32-bit
Narrow klass base: 0x0000000000000000, Narrow klass shift: 3
Compressed class space size: 1073741824 Address: 0x0000000100000000

Heap:
 PSYoungGen      total 601600K, used 186012K [0x00000000d5580000, 0x00000000fda80000, 0x0000000100000000)
  eden space 550912K, 32% used [0x00000000d5580000,0x00000000e06b7130,0x00000000f6f80000)
  from space 50688K, 8% used [0x00000000fa900000,0x00000000fad70000,0x00000000fda80000)
  to   space 54784K, 0% used [0x00000000f6f80000,0x00000000f6f80000,0x00000000fa500000)
 ParOldGen       total 468480K, used 82008K [0x0000000080000000, 0x000000009c980000, 0x00000000d5580000)
  object space 468480K, 17% used [0x0000000080000000,0x00000000850162e0,0x000000009c980000)
 Metaspace       used 90663K, capacity 94656K, committed 99112K, reserved 1134592K
  class space    used 12034K, capacity 12803K, committed 13744K, reserved 1048576K

Card table byte_map: [0x0000000011b80000,0x0000000011f90000] byte_map_base: 0x0000000011780000

Marking Bits: (ParMarkBitMap*) 0x000000006b4ef030
 Begin Bits: [0x0000000012c40000, 0x0000000014c40000)
 End Bits:   [0x0000000014c40000, 0x0000000016c40000)

Polling page: 0x0000000000d60000

CodeCache: size=245760Kb used=41372Kb max_used=41372Kb free=204387Kb
 bounds [0x00000000027c0000, 0x0000000005060000, 0x00000000117c0000]
 total_blobs=13948 nmethods=12927 adapters=931
 compilation: enabled

Compilation events (10 events):
Event: 33.357 Thread 0x000000001912f000 nmethod 15999 0x0000000005037090 code [0x0000000005037200, 0x0000000005037498]
Event: 33.358 Thread 0x000000001912f000 16000       2       com.android.tools.r8.code.r2::<init> (35 bytes)
Event: 33.358 Thread 0x000000001912f000 nmethod 16000 0x0000000005036cd0 code [0x0000000005036e40, 0x0000000005036fc8]
Event: 33.364 Thread 0x000000001912f000 16001       2       com.android.tools.r8.ir.analysis.type.a::a (2 bytes)
Event: 33.364 Thread 0x000000001912f000 nmethod 16001 0x0000000005036990 code [0x0000000005036ae0, 0x0000000005036c30]
Event: 33.365 Thread 0x000000001912f000 16002       2       java.util.PriorityQueue::clear (39 bytes)
Event: 33.366 Thread 0x000000001912f000 nmethod 16002 0x0000000005036510 code [0x0000000005036680, 0x0000000005036870]
Event: 33.367 Thread 0x000000001912f000 16003       2       com.android.tools.r8.u.b.L::Q0 (25 bytes)
Event: 33.368 Thread 0x000000001912f000 nmethod 16003 0x0000000005036190 code [0x00000000050362e0, 0x0000000005036470]
Event: 33.368 Thread 0x000000001912f000 16004       3       com.android.tools.r8.ir.regalloc.g::b (1053 bytes)

GC Heap History (10 events):
Event: 30.427 GC heap before
{Heap before GC invocations=14 (full 3):
 PSYoungGen      total 373248K, used 373238K [0x00000000d5580000, 0x00000000f3380000, 0x0000000100000000)
  eden space 342528K, 100% used [0x00000000d5580000,0x00000000ea400000,0x00000000ea400000)
  from space 30720K, 99% used [0x00000000ecd80000,0x00000000eeb7da90,0x00000000eeb80000)
  to   space 42496K, 0% used [0x00000000ea400000,0x00000000ea400000,0x00000000ecd80000)
 ParOldGen       total 332800K, used 53959K [0x0000000080000000, 0x0000000094500000, 0x00000000d5580000)
  object space 332800K, 16% used [0x0000000080000000,0x00000000834b1dc0,0x0000000094500000)
 Metaspace       used 91265K, capacity 97904K, committed 98216K, reserved 1134592K
  class space    used 12520K, capacity 13651K, committed 13744K, reserved 1048576K
Event: 30.477 GC heap after
Heap after GC invocations=14 (full 3):
 PSYoungGen      total 385024K, used 42481K [0x00000000d5580000, 0x00000000f5580000, 0x0000000100000000)
  eden space 342528K, 0% used [0x00000000d5580000,0x00000000d5580000,0x00000000ea400000)
  from space 42496K, 99% used [0x00000000ea400000,0x00000000ecd7c518,0x00000000ecd80000)
  to   space 50688K, 0% used [0x00000000f2400000,0x00000000f2400000,0x00000000f5580000)
 ParOldGen       total 332800K, used 59369K [0x0000000080000000, 0x0000000094500000, 0x00000000d5580000)
  object space 332800K, 17% used [0x0000000080000000,0x00000000839fa610,0x0000000094500000)
 Metaspace       used 91265K, capacity 97904K, committed 98216K, reserved 1134592K
  class space    used 12520K, capacity 13651K, committed 13744K, reserved 1048576K
}
Event: 31.131 GC heap before
{Heap before GC invocations=15 (full 3):
 PSYoungGen      total 385024K, used 385009K [0x00000000d5580000, 0x00000000f5580000, 0x0000000100000000)
  eden space 342528K, 100% used [0x00000000d5580000,0x00000000ea400000,0x00000000ea400000)
  from space 42496K, 99% used [0x00000000ea400000,0x00000000ecd7c518,0x00000000ecd80000)
  to   space 50688K, 0% used [0x00000000f2400000,0x00000000f2400000,0x00000000f5580000)
 ParOldGen       total 332800K, used 59369K [0x0000000080000000, 0x0000000094500000, 0x00000000d5580000)
  object space 332800K, 17% used [0x0000000080000000,0x00000000839fa610,0x0000000094500000)
 Metaspace       used 91477K, capacity 98110K, committed 98216K, reserved 1134592K
  class space    used 12521K, capacity 13652K, committed 13744K, reserved 1048576K
Event: 31.170 GC heap after
Heap after GC invocations=15 (full 3):
 PSYoungGen      total 472576K, used 33453K [0x00000000d5580000, 0x00000000f6880000, 0x0000000100000000)
  eden space 421888K, 0% used [0x00000000d5580000,0x00000000d5580000,0x00000000ef180000)
  from space 50688K, 65% used [0x00000000f2400000,0x00000000f44ab4d8,0x00000000f5580000)
  to   space 51712K, 0% used [0x00000000ef180000,0x00000000ef180000,0x00000000f2400000)
 ParOldGen       total 332800K, used 70287K [0x0000000080000000, 0x0000000094500000, 0x00000000d5580000)
  object space 332800K, 21% used [0x0000000080000000,0x00000000844a3ec8,0x0000000094500000)
 Metaspace       used 91477K, capacity 98110K, committed 98216K, reserved 1134592K
  class space    used 12521K, capacity 13652K, committed 13744K, reserved 1048576K
}
Event: 31.868 GC heap before
{Heap before GC invocations=16 (full 3):
 PSYoungGen      total 472576K, used 366381K [0x00000000d5580000, 0x00000000f6880000, 0x0000000100000000)
  eden space 421888K, 78% used [0x00000000d5580000,0x00000000e9aa0040,0x00000000ef180000)
  from space 50688K, 65% used [0x00000000f2400000,0x00000000f44ab4d8,0x00000000f5580000)
  to   space 51712K, 0% used [0x00000000ef180000,0x00000000ef180000,0x00000000f2400000)
 ParOldGen       total 332800K, used 70287K [0x0000000080000000, 0x0000000094500000, 0x00000000d5580000)
  object space 332800K, 21% used [0x0000000080000000,0x00000000844a3ec8,0x0000000094500000)
 Metaspace       used 91845K, capacity 98488K, committed 98600K, reserved 1134592K
  class space    used 12538K, capacity 13661K, committed 13744K, reserved 1048576K
Event: 31.913 GC heap after
Heap after GC invocations=16 (full 3):
 PSYoungGen      total 473600K, used 37116K [0x00000000d5580000, 0x00000000fdd80000, 0x0000000100000000)
  eden space 421888K, 0% used [0x00000000d5580000,0x00000000d5580000,0x00000000ef180000)
  from space 51712K, 71% used [0x00000000ef180000,0x00000000f15bf220,0x00000000f2400000)
  to   space 53760K, 0% used [0x00000000fa900000,0x00000000fa900000,0x00000000fdd80000)
 ParOldGen       total 332800K, used 70287K [0x0000000080000000, 0x0000000094500000, 0x00000000d5580000)
  object space 332800K, 21% used [0x0000000080000000,0x00000000844a3ec8,0x0000000094500000)
 Metaspace       used 91845K, capacity 98488K, committed 98600K, reserved 1134592K
  class space    used 12538K, capacity 13661K, committed 13744K, reserved 1048576K
}
Event: 31.913 GC heap before
{Heap before GC invocations=17 (full 4):
 PSYoungGen      total 473600K, used 37116K [0x00000000d5580000, 0x00000000fdd80000, 0x0000000100000000)
  eden space 421888K, 0% used [0x00000000d5580000,0x00000000d5580000,0x00000000ef180000)
  from space 51712K, 71% used [0x00000000ef180000,0x00000000f15bf220,0x00000000f2400000)
  to   space 53760K, 0% used [0x00000000fa900000,0x00000000fa900000,0x00000000fdd80000)
 ParOldGen       total 332800K, used 70287K [0x0000000080000000, 0x0000000094500000, 0x00000000d5580000)
  object space 332800K, 21% used [0x0000000080000000,0x00000000844a3ec8,0x0000000094500000)
 Metaspace       used 91845K, capacity 98488K, committed 98600K, reserved 1134592K
  class space    used 12538K, capacity 13661K, committed 13744K, reserved 1048576K
Event: 32.254 GC heap after
Heap after GC invocations=17 (full 4):
 PSYoungGen      total 473600K, used 0K [0x00000000d5580000, 0x00000000fdd80000, 0x0000000100000000)
  eden space 421888K, 0% used [0x00000000d5580000,0x00000000d5580000,0x00000000ef180000)
  from space 51712K, 0% used [0x00000000ef180000,0x00000000ef180000,0x00000000f2400000)
  to   space 53760K, 0% used [0x00000000fa900000,0x00000000fa900000,0x00000000fdd80000)
 ParOldGen       total 468480K, used 82008K [0x0000000080000000, 0x000000009c980000, 0x00000000d5580000)
  object space 468480K, 17% used [0x0000000080000000,0x00000000850162e0,0x000000009c980000)
 Metaspace       used 90321K, capacity 94192K, committed 98600K, reserved 1134592K
  class space    used 12029K, capacity 12769K, committed 13744K, reserved 1048576K
}
Event: 33.045 GC heap before
{Heap before GC invocations=18 (full 4):
 PSYoungGen      total 473600K, used 421888K [0x00000000d5580000, 0x00000000fdd80000, 0x0000000100000000)
  eden space 421888K, 100% used [0x00000000d5580000,0x00000000ef180000,0x00000000ef180000)
  from space 51712K, 0% used [0x00000000ef180000,0x00000000ef180000,0x00000000f2400000)
  to   space 53760K, 0% used [0x00000000fa900000,0x00000000fa900000,0x00000000fdd80000)
 ParOldGen       total 468480K, used 82008K [0x0000000080000000, 0x000000009c980000, 0x00000000d5580000)
  object space 468480K, 17% used [0x0000000080000000,0x00000000850162e0,0x000000009c980000)
 Metaspace       used 90599K, capacity 94572K, committed 99112K, reserved 1134592K
  class space    used 12034K, capacity 12803K, committed 13744K, reserved 1048576K
Event: 33.056 GC heap after
Heap after GC invocations=18 (full 4):
 PSYoungGen      total 601600K, used 4544K [0x00000000d5580000, 0x00000000fda80000, 0x0000000100000000)
  eden space 550912K, 0% used [0x00000000d5580000,0x00000000d5580000,0x00000000f6f80000)
  from space 50688K, 8% used [0x00000000fa900000,0x00000000fad70000,0x00000000fda80000)
  to   space 54784K, 0% used [0x00000000f6f80000,0x00000000f6f80000,0x00000000fa500000)
 ParOldGen       total 468480K, used 82008K [0x0000000080000000, 0x000000009c980000, 0x00000000d5580000)
  object space 468480K, 17% used [0x0000000080000000,0x00000000850162e0,0x000000009c980000)
 Metaspace       used 90599K, capacity 94572K, committed 99112K, reserved 1134592K
  class space    used 12034K, capacity 12803K, committed 13744K, reserved 1048576K
}

Deoptimization events (10 events):
Event: 31.774 Thread 0x000000001d4de800 Uncommon trap: reason=bimorphic action=maybe_recompile pc=0x0000000004e83194 method=com.android.tools.r8.s.a.a.b.t0.a(Ljava/util/Collection;)Lcom/android/tools/r8/s/a/a/b/t0; @ 47
Event: 31.774 Thread 0x000000001d4de800 Uncommon trap: reason=bimorphic action=maybe_recompile pc=0x0000000004e83194 method=com.android.tools.r8.s.a.a.b.t0.a(Ljava/util/Collection;)Lcom/android/tools/r8/s/a/a/b/t0; @ 47
Event: 32.400 Thread 0x000000001d4de800 Uncommon trap: reason=bimorphic action=maybe_recompile pc=0x0000000004587840 method=com.android.tools.r8.ir.regalloc.a.a(Lcom/android/tools/r8/u/b/m1;Ljava/util/Collection;)Z @ 1
Event: 32.400 Thread 0x000000001d4de800 Uncommon trap: reason=bimorphic action=maybe_recompile pc=0x0000000004587840 method=com.android.tools.r8.ir.regalloc.a.a(Lcom/android/tools/r8/u/b/m1;Ljava/util/Collection;)Z @ 1
Event: 32.468 Thread 0x000000001f3d7000 Uncommon trap: reason=unstable_if action=reinterpret pc=0x0000000002dc4458 method=com.google.common.collect.MapMakerInternalMap$Segment.getEntry(Ljava/lang/Object;I)Lcom/google/common/collect/MapMakerInternalMap$InternalEntry; @ 40
Event: 32.836 Thread 0x000000001d4de800 Uncommon trap: reason=unstable_if action=reinterpret pc=0x0000000003a39988 method=com.android.tools.r8.graph.e0.c(Lcom/android/tools/r8/graph/e0;)I @ 141
Event: 33.207 Thread 0x000000001d4dc800 Uncommon trap: reason=bimorphic action=maybe_recompile pc=0x0000000004f2cc38 method=com.android.tools.r8.u.b.p1.a(Lcom/android/tools/r8/ir/analysis/type/u;)Lcom/android/tools/r8/u/b/p1; @ 29
Event: 33.207 Thread 0x000000001d4dc800 Uncommon trap: reason=bimorphic action=maybe_recompile pc=0x0000000004f2cc38 method=com.android.tools.r8.u.b.p1.a(Lcom/android/tools/r8/ir/analysis/type/u;)Lcom/android/tools/r8/u/b/p1; @ 29
Event: 33.207 Thread 0x000000001d4dc800 Uncommon trap: reason=bimorphic action=maybe_recompile pc=0x0000000004f2cc38 method=com.android.tools.r8.u.b.p1.a(Lcom/android/tools/r8/ir/analysis/type/u;)Lcom/android/tools/r8/u/b/p1; @ 29
Event: 33.210 Thread 0x000000001d4dc800 Uncommon trap: reason=bimorphic action=maybe_recompile pc=0x0000000004f2cc38 method=com.android.tools.r8.u.b.p1.a(Lcom/android/tools/r8/ir/analysis/type/u;)Lcom/android/tools/r8/u/b/p1; @ 29

Classes redefined (0 events):
No events

Internal exceptions (10 events):
Event: 31.027 Thread 0x000000001d4df800 Exception <a 'sun/nio/fs/WindowsException'> (0x00000000e6bf3718) thrown at [C:\src\AOSP-openjdk-git\hotspot\src\share\vm\prims\jni.cpp, line 710]
Event: 31.047 Thread 0x000000001f3d7000 Exception <a 'sun/nio/fs/WindowsException'> (0x00000000e73ce9f0) thrown at [C:\src\AOSP-openjdk-git\hotspot\src\share\vm\prims\jni.cpp, line 710]
Event: 31.070 Thread 0x000000001d4da000 Exception <a 'sun/nio/fs/WindowsException'> (0x00000000e81dd490) thrown at [C:\src\AOSP-openjdk-git\hotspot\src\share\vm\prims\jni.cpp, line 710]
Event: 31.091 Thread 0x000000001d4de000 Exception <a 'sun/nio/fs/WindowsException'> (0x00000000e8657bd8) thrown at [C:\src\AOSP-openjdk-git\hotspot\src\share\vm\prims\jni.cpp, line 710]
Event: 31.105 Thread 0x000000001d4df800 Exception <a 'sun/nio/fs/WindowsException'> (0x00000000e90092c0) thrown at [C:\src\AOSP-openjdk-git\hotspot\src\share\vm\prims\jni.cpp, line 710]
Event: 31.109 Thread 0x000000001d4d8800 Exception <a 'sun/nio/fs/WindowsException'> (0x00000000e9382d10) thrown at [C:\src\AOSP-openjdk-git\hotspot\src\share\vm\prims\jni.cpp, line 710]
Event: 31.181 Thread 0x000000001d4db800 Exception <a 'sun/nio/fs/WindowsException'> (0x00000000d561ba90) thrown at [C:\src\AOSP-openjdk-git\hotspot\src\share\vm\prims\jni.cpp, line 710]
Event: 31.493 Thread 0x000000001d4db000 Exception <a 'sun/nio/fs/WindowsException'> (0x00000000dd079088) thrown at [C:\src\AOSP-openjdk-git\hotspot\src\share\vm\prims\jni.cpp, line 710]
Event: 32.468 Thread 0x000000001f3d7000 Implicit null exception at 0x0000000002dc4104 to 0x0000000002dc4439
Event: 32.956 Thread 0x000000001d4de800 Exception <a 'sun/nio/fs/WindowsException'> (0x00000000ea647f90) thrown at [C:\src\AOSP-openjdk-git\hotspot\src\share\vm\prims\jni.cpp, line 710]

Events (10 events):
Event: 33.207 Thread 0x000000001d4dc800 DEOPT UNPACKING pc=0x000000000280557b sp=0x0000000027e498a0 mode 2
Event: 33.210 Thread 0x000000001d4dc800 Uncommon trap: trap_request=0xffffffc6 fr.pc=0x0000000004f2cc38
Event: 33.210 Thread 0x000000001d4dc800 DEOPT PACKING pc=0x0000000004f2cc38 sp=0x0000000027e498b0
Event: 33.210 Thread 0x000000001d4dc800 DEOPT UNPACKING pc=0x000000000280557b sp=0x0000000027e498a0 mode 2
Event: 33.230 Thread 0x000000001d4d9800 DEOPT PACKING pc=0x000000000494187d sp=0x0000000027a09ff0
Event: 33.230 Thread 0x000000001d4d9800 DEOPT UNPACKING pc=0x00000000028075d0 sp=0x0000000027a09ed8 mode 0
Event: 33.252 Thread 0x000000001d4dc800 DEOPT PACKING pc=0x000000000494187d sp=0x0000000027e4a3b0
Event: 33.252 Thread 0x000000001d4dc800 DEOPT UNPACKING pc=0x00000000028075d0 sp=0x0000000027e4a298 mode 0
Event: 33.316 Thread 0x000000001f3da800 DEOPT PACKING pc=0x000000000494187d sp=0x000000002844a380
Event: 33.316 Thread 0x000000001f3da800 DEOPT UNPACKING pc=0x00000000028075d0 sp=0x000000002844a268 mode 0


Dynamic libraries:
0x00007ff747970000 - 0x00007ff7479a1000 	E:\Android\Android Studio\jre\bin\java.exe
0x00007ffb5f6b0000 - 0x00007ffb5f8a6000 	C:\WINDOWS\SYSTEM32\ntdll.dll
0x00007ffb5ddf0000 - 0x00007ffb5dead000 	C:\WINDOWS\System32\KERNEL32.DLL
0x00007ffb5d3a0000 - 0x00007ffb5d668000 	C:\WINDOWS\System32\KERNELBASE.dll
0x00007ffb5e4e0000 - 0x00007ffb5e58a000 	C:\WINDOWS\System32\ADVAPI32.dll
0x00007ffb5deb0000 - 0x00007ffb5df4e000 	C:\WINDOWS\System32\msvcrt.dll
0x00007ffb5dbf0000 - 0x00007ffb5dc8b000 	C:\WINDOWS\System32\sechost.dll
0x00007ffb5d7a0000 - 0x00007ffb5d8c4000 	C:\WINDOWS\System32\RPCRT4.dll
0x00007ffb5dfd0000 - 0x00007ffb5e170000 	C:\WINDOWS\System32\USER32.dll
0x00007ffb5d030000 - 0x00007ffb5d052000 	C:\WINDOWS\System32\win32u.dll
0x00007ffb5d770000 - 0x00007ffb5d79a000 	C:\WINDOWS\System32\GDI32.dll
0x00007ffb5d290000 - 0x00007ffb5d399000 	C:\WINDOWS\System32\gdi32full.dll
0x00007ffb5cf30000 - 0x00007ffb5cfcd000 	C:\WINDOWS\System32\msvcp_win.dll
0x00007ffb5ce30000 - 0x00007ffb5cf30000 	C:\WINDOWS\System32\ucrtbase.dll
0x00007ffb43e00000 - 0x00007ffb4409b000 	C:\WINDOWS\WinSxS\amd64_microsoft.windows.common-controls_6595b64144ccf1df_6.0.19041.488_none_ca04af081b815d21\COMCTL32.dll
0x00007ffb5d740000 - 0x00007ffb5d770000 	C:\WINDOWS\System32\IMM32.DLL
0x000000006ac40000 - 0x000000006ad12000 	E:\Android\Android Studio\jre\jre\bin\msvcr100.dll
0x000000006ad20000 - 0x000000006b56b000 	E:\Android\Android Studio\jre\jre\bin\server\jvm.dll
0x00007ffb5e5f0000 - 0x00007ffb5e5f8000 	C:\WINDOWS\System32\PSAPI.DLL
0x00007ffb55140000 - 0x00007ffb5514a000 	C:\WINDOWS\SYSTEM32\VERSION.dll
0x00007ffb57420000 - 0x00007ffb57429000 	C:\WINDOWS\SYSTEM32\WSOCK32.dll
0x00007ffb4bd70000 - 0x00007ffb4bd97000 	C:\WINDOWS\SYSTEM32\WINMM.dll
0x00007ffb5e8d0000 - 0x00007ffb5e93b000 	C:\WINDOWS\System32\WS2_32.dll
0x00007ffb58910000 - 0x00007ffb5891f000 	E:\Android\Android Studio\jre\jre\bin\verify.dll
0x00007ffb51e30000 - 0x00007ffb51e59000 	E:\Android\Android Studio\jre\jre\bin\java.dll
0x00007ffb573c0000 - 0x00007ffb573d6000 	E:\Android\Android Studio\jre\jre\bin\zip.dll
0x00007ffb5e940000 - 0x00007ffb5f080000 	C:\WINDOWS\System32\SHELL32.dll
0x00007ffb5ac60000 - 0x00007ffb5b3f4000 	C:\WINDOWS\SYSTEM32\windows.storage.dll
0x00007ffb5e180000 - 0x00007ffb5e4d5000 	C:\WINDOWS\System32\combase.dll
0x00007ffb5c800000 - 0x00007ffb5c82c000 	C:\WINDOWS\SYSTEM32\Wldp.dll
0x00007ffb5f4f0000 - 0x00007ffb5f59e000 	C:\WINDOWS\System32\SHCORE.dll
0x00007ffb5e590000 - 0x00007ffb5e5e5000 	C:\WINDOWS\System32\shlwapi.dll
0x00007ffb5cd30000 - 0x00007ffb5cd56000 	C:\WINDOWS\SYSTEM32\profapi.dll
0x00007ffb56c10000 - 0x00007ffb56c2a000 	E:\Android\Android Studio\jre\jre\bin\net.dll
0x00007ffb5c580000 - 0x00007ffb5c5ea000 	C:\WINDOWS\system32\mswsock.dll
0x00007ffb55bd0000 - 0x00007ffb55be3000 	E:\Android\Android Studio\jre\jre\bin\nio.dll
0x00007ffb55cd0000 - 0x00007ffb55cf6000 	C:\Users\Adib\.gradle\native\31\windows-amd64\native-platform.dll
0x00007ffb586e0000 - 0x00007ffb586ed000 	E:\Android\Android Studio\jre\jre\bin\management.dll
0x00007ffb5c750000 - 0x00007ffb5c768000 	C:\WINDOWS\SYSTEM32\CRYPTSP.dll
0x00007ffb5beb0000 - 0x00007ffb5bee4000 	C:\WINDOWS\system32\rsaenh.dll
0x00007ffb5ce00000 - 0x00007ffb5ce27000 	C:\WINDOWS\System32\bcrypt.dll
0x00007ffb5ccb0000 - 0x00007ffb5ccde000 	C:\WINDOWS\SYSTEM32\USERENV.dll
0x00007ffb5d210000 - 0x00007ffb5d28f000 	C:\WINDOWS\System32\bcryptprimitives.dll
0x00007ffb5c770000 - 0x00007ffb5c77c000 	C:\WINDOWS\SYSTEM32\CRYPTBASE.dll
0x00007ffb5c210000 - 0x00007ffb5c24b000 	C:\WINDOWS\SYSTEM32\IPHLPAPI.DLL
0x00007ffb5e170000 - 0x00007ffb5e179000 	C:\WINDOWS\System32\NSI.dll
0x00007ffb54f40000 - 0x00007ffb54f57000 	C:\WINDOWS\SYSTEM32\dhcpcsvc6.DLL
0x00007ffb55600000 - 0x00007ffb5561d000 	C:\WINDOWS\SYSTEM32\dhcpcsvc.DLL
0x00007ffb5c2b0000 - 0x00007ffb5c37b000 	C:\WINDOWS\SYSTEM32\DNSAPI.dll
0x00007ffb4d4b0000 - 0x00007ffb4d4d4000 	E:\Android\Android Studio\jre\jre\bin\sunec.dll
0x00007ffb4d090000 - 0x00007ffb4d09a000 	C:\Windows\System32\rasadhlp.dll
0x00007ffb4deb0000 - 0x00007ffb4df2f000 	C:\WINDOWS\System32\fwpuclnt.dll
0x00007ffb5a240000 - 0x00007ffb5a24b000 	E:\Android\Android Studio\jre\jre\bin\sunmscapi.dll
0x00007ffb5d0b0000 - 0x00007ffb5d20d000 	C:\WINDOWS\System32\CRYPT32.dll
0x00007ffb1c8e0000 - 0x00007ffb1ca7c000 	E:\Android\Android Studio\jre\jre\bin\awt.dll
0x00007ffb5f5a0000 - 0x00007ffb5f66d000 	C:\WINDOWS\System32\OLEAUT32.dll
0x00007ffb5a7e0000 - 0x00007ffb5a80f000 	C:\WINDOWS\SYSTEM32\dwmapi.dll
0x00007ffb58db0000 - 0x00007ffb59370000 	C:\WINDOWS\SYSTEM32\d2d1.dll
0x00007ffb5a400000 - 0x00007ffb5a490000 	C:\WINDOWS\SYSTEM32\apphelp.dll
0x00007ffb5a500000 - 0x00007ffb5a59f000 	C:\WINDOWS\system32\uxtheme.dll

VM Arguments:
jvm_args: -Xmx2048m -Dfile.encoding=windows-1252 -Duser.country=US -Duser.language=en -Duser.variant 
java_command: org.gradle.launcher.daemon.bootstrap.GradleDaemon 6.1.1
java_class_path (initial): C:\Users\Adib\.gradle\wrapper\dists\gradle-6.1.1-all\cfmwm155h49vnt3hynmlrsdst\gradle-6.1.1\lib\gradle-launcher-6.1.1.jar
Launcher Type: SUN_STANDARD

Environment Variables:
JAVA_HOME=C:\Program Files\Java\jdk-14.0.2
PATH=C:\Program Files (x86)\Intel\Intel(R) Management Engine Components\iCLS\;C:\Program Files\Intel\Intel(R) Management Engine Components\iCLS\;C:\Windows\system32;C:\Windows;C:\Windows\System32\Wbem;C:\Windows\System32\WindowsPowerShell\v1.0\;C:\Windows\System32\OpenSSH\;C:\Program Files\NVIDIA Corporation\NVIDIA NvDLISR;C:\Program Files (x86)\Intel\Intel(R) Management Engine Components\DAL;C:\Program Files\Intel\Intel(R) Management Engine Components\DAL;C:\Program Files (x86)\Intel\Intel(R) Management Engine Components\IPT;C:\Program Files\Intel\Intel(R) Management Engine Components\IPT;C:\Program Files\Intel\WiFi\bin\;C:\Program Files\Common Files\Intel\WirelessCommon\;C:\WINDOWS\system32;C:\WINDOWS;C:\WINDOWS\System32\Wbem;C:\WINDOWS\System32\WindowsPowerShell\v1.0\;C:\WINDOWS\System32\OpenSSH\;C:\Program Files (x86)\NVIDIA Corporation\PhysX\Common;C:\Program Files\Java\jdk-14.0.2\bin;C:\WINDOWS\system32;C:\WINDOWS;C:\WINDOWS\System32\Wbem;C:\WINDOWS\System32\WindowsPowerShell\v1.0\;C:\WINDOWS\System32\OpenSSH\;C:\Program Files\Git\cmd;C:\Users\Adib\AppData\Local\Programs\Python\Python38-32\Scripts\;C:\Users\Adib\AppData\Local\Programs\Python\Python38-32\;C:\Users\Adib\AppData\Local\Microsoft\WindowsApps;C:\Users\Adib\anaconda3\Scripts;C:\Users\Adib\AppData\Local\Microsoft\WindowsApps;C:\Users\Adib\anaconda3;;C:\Users\Adib\AppData\Local\Programs\Microsoft VS Code\bin
USERNAME=Adib
OS=Windows_NT
PROCESSOR_IDENTIFIER=Intel64 Family 6 Model 158 Stepping 10, GenuineIntel



---------------  S Y S T E M  ---------------

OS: Windows 10.0 , 64 bit Build 19041 (10.0.19041.546)

CPU:total 12 (initial active 12) (6 cores per cpu, 2 threads per core) family 6 model 158 stepping 10, cmov, cx8, fxsr, mmx, sse, sse2, sse3, ssse3, sse4.1, sse4.2, popcnt, avx, avx2, aes, clmul, erms, 3dnowpref, lzcnt, ht, tsc, tscinvbit, bmi1, bmi2, adx

Memory: 4k page, physical 25013020k(4964384k free), swap 25013020k(7196k free)

vm_info: OpenJDK 64-Bit Server VM (25.242-b01) for windows-amd64 JRE (1.8.0_242-release-1644-b01), built by "builder" with MS VC++ 10.0 (VS2010)

time: Thu Oct 29 17:34:02 2020
timezone: Bangladesh Standard Time
elapsed time: 33 seconds (0d 0h 0m 33s)

